<?xml version="1.0" encoding="UTF-8"?>
<!-- Generated by org.testng.reporters.JUnitXMLReporter -->
<testsuite hostname="Sai-PC" name="On Chrome" tests="4" failures="0" timestamp="14 May 2016 13:40:43 GMT" time="41.107" errors="0">
  <testcase name="loginTest" time="24.493" classname="com.orangrehrm.baseclass.Login"/>
  <testcase name="addEmpTest" time="0.559" classname="com.orangrehrm.baseclass.AddEmployee">
    <skipped/>
  </testcase> <!-- addEmpTest -->
  <testcase name="screenshotTest" time="0.203" classname="com.orangrehrm.baseclass.TakingScreenshot">
    <skipped/>
  </testcase> <!-- screenshotTest -->
  <testcase name="logoutTest" time="15.728" classname="com.orangrehrm.baseclass.Logout"/>
</testsuite> <!-- On Chrome -->
