<?xml version="1.0" encoding="UTF-8"?>
<!-- Generated by org.testng.reporters.JUnitXMLReporter -->
<testsuite hostname="Sai-PC" name="Test" tests="4" failures="0" timestamp="14 May 2016 13:11:08 GMT" time="88.855" errors="0">
  <testcase name="loginTest" time="33.159" classname="com.orangrehrm.baseclass.Login"/>
  <testcase name="addEmpTest" time="47.317" classname="com.orangrehrm.baseclass.AddEmployee"/>
  <testcase name="screenshotTest" time="0.149" classname="com.orangrehrm.baseclass.TakingScreenshot">
    <skipped/>
  </testcase> <!-- screenshotTest -->
  <testcase name="logoutTest" time="8.11" classname="com.orangrehrm.baseclass.Logout"/>
</testsuite> <!-- Test -->
